<?xml version="1.0" encoding="UTF-8"?>
<testsuite xmlns:xsi="http://www.w3.org/2001/XMLSchema-instance" xsi:noNamespaceSchemaLocation="https://maven.apache.org/surefire/maven-surefire-plugin/xsd/surefire-test-report.xsd" name="cucumberOptions.TestRunner" time="0.782" tests="6" errors="0" skipped="0" failures="0">
  <properties>
[...]
</properties>
  <testcase name="User is on net banking landing page" classname="Home page default login" time="0.011"/>
  <testcase name="User login to the application with &quot;Mugundhan&quot; and password &quot;Test&quot;" classname="Home page default login" time="0.002"/>
  <testcase name="click on submit button" classname="Home page default login" time="0"/>
  <testcase name="netbanking home page is displayed" classname="Home page default login" time="0"/>
  <testcase name="cards mapped are displayed" classname="Home page default login" time="0"/>
  <testcase name="Home page default login" classname="Home page default login" time="0.007"/>
</testsuite>